02:59:41 **** Incremental Build of configuration Debug for project Control_ECU ****
make all 
Building file: ../DC_Motor.c
Invoking: AVR Compiler
avr-gcc -Wall -g2 -gstabs -O0 -fpack-struct -fshort-enums -ffunction-sections -fdata-sections -std=gnu99 -funsigned-char -funsigned-bitfields -mmcu=atmega32 -DF_CPU=8000000UL -MMD -MP -MF"DC_Motor.d" -MT"DC_Motor.o" -c -o "DC_Motor.o" "../DC_Motor.c"
Finished building: ../DC_Motor.c
 
Building target: Control_ECU.elf
Invoking: AVR C Linker
avr-gcc -Wl,-Map,Control_ECU.map -mmcu=atmega32 -o "Control_ECU.elf"  ./Control_ECU.o ./DC_Motor.o ./PWM.o ./buzzer.o ./external_eeprom.o ./gpio.o ./timer1.o ./twi.o ./uart2.o   
Finished building target: Control_ECU.elf
 
Invoking: AVR Create Extended Listing
avr-objdump -h -S Control_ECU.elf  >"Control_ECU.lss"
Finished building: Control_ECU.lss
 
Invoking: Print Size
avr-size --format=avr --mcu=atmega32 Control_ECU.elf
AVR Memory Usage
----------------
Device: atmega32

Program:    4876 bytes (14.9% Full)
(.text + .data + .bootloader)

Data:         27 bytes (1.3% Full)
(.data + .bss + .noinit)


Finished building: sizedummy
 
